TN:
SF:src/modules/appointments/services/CreateAppointmentServices.ts
FN:12,(anonymous_18)
FN:13,CreateAppointmentService
FN:17,(anonymous_20)
FNF:3
FNH:3
FNDA:1,(anonymous_18)
FNDA:2,CreateAppointmentService
FNDA:3,(anonymous_20)
DA:1,1
DA:2,1
DA:4,1
DA:12,1
DA:15,2
DA:17,1
DA:18,3
DA:19,3
DA:21,3
DA:22,3
DA:26,3
DA:27,1
DA:29,2
DA:33,2
DA:35,1
DA:37,1
LF:16
LH:16
BRDA:26,0,0,1
BRDA:26,0,1,2
BRF:2
BRH:2
end_of_record
TN:
SF:src/modules/users/services/AuthenticateUserServices.ts
FN:19,(anonymous_18)
FN:20,AuthenticateUserServices
FN:24,(anonymous_20)
FNF:3
FNH:0
FNDA:0,(anonymous_18)
FNDA:0,AuthenticateUserServices
FNDA:0,(anonymous_20)
DA:2,0
DA:3,0
DA:4,0
DA:5,0
DA:7,0
DA:19,0
DA:22,0
DA:24,0
DA:25,0
DA:27,0
DA:28,0
DA:31,0
DA:33,0
DA:34,0
DA:36,0
DA:38,0
DA:43,0
DA:48,0
DA:50,0
LF:19
LH:0
BRDA:25,0,0,0
BRDA:27,1,0,0
BRDA:27,1,1,0
BRDA:33,2,0,0
BRDA:33,2,1,0
BRF:5
BRH:0
end_of_record
TN:
SF:src/modules/users/services/CreateUserServices.ts
FN:14,(anonymous_18)
FN:15,CreateUserServices
FN:19,(anonymous_20)
FNF:3
FNH:0
FNDA:0,(anonymous_18)
FNDA:0,CreateUserServices
FNDA:0,(anonymous_20)
DA:2,0
DA:3,0
DA:5,0
DA:14,0
DA:17,0
DA:19,0
DA:20,0
DA:22,0
DA:23,0
DA:26,0
DA:28,0
DA:34,0
DA:36,0
DA:38,0
LF:14
LH:0
BRDA:20,0,0,0
BRDA:22,1,0,0
BRDA:22,1,1,0
BRF:3
BRH:0
end_of_record
TN:
SF:src/modules/users/services/UpdateUserAvatarService.ts
FN:15,(anonymous_18)
FN:16,UpdateUserAvatarService
FN:20,(anonymous_20)
FNF:3
FNH:0
FNDA:0,(anonymous_18)
FNDA:0,UpdateUserAvatarService
FNDA:0,(anonymous_20)
DA:1,0
DA:2,0
DA:3,0
DA:5,0
DA:7,0
DA:15,0
DA:18,0
DA:20,0
DA:21,0
DA:23,0
DA:24,0
DA:30,0
DA:31,0
DA:35,0
DA:39,0
DA:40,0
DA:44,0
DA:46,0
DA:48,0
DA:50,0
DA:52,0
LF:21
LH:0
BRDA:21,0,0,0
BRDA:23,1,0,0
BRDA:23,1,1,0
BRDA:30,2,0,0
BRDA:30,2,1,0
BRDA:39,3,0,0
BRDA:39,3,1,0
BRF:7
BRH:0
end_of_record
