TN:
SF:src/modules/appointments/services/CreateAppointmentServices.ts
FN:12,(anonymous_18)
FN:13,CreateAppointmentService
FN:17,(anonymous_20)
FNF:3
FNH:3
FNDA:1,(anonymous_18)
FNDA:2,CreateAppointmentService
FNDA:3,(anonymous_20)
DA:1,1
DA:2,1
DA:4,1
DA:12,1
DA:15,2
DA:17,1
DA:18,3
DA:19,3
DA:21,3
DA:22,3
DA:26,3
DA:27,1
DA:29,2
DA:33,2
DA:35,1
DA:37,1
LF:16
LH:16
BRDA:26,0,0,1
BRDA:26,0,1,2
BRF:2
BRH:2
end_of_record
TN:
SF:src/modules/users/services/AuthenticateUserServices.ts
FN:19,(anonymous_18)
FN:20,AuthenticateUserServices
FN:26,(anonymous_20)
FNF:3
FNH:3
FNDA:1,(anonymous_18)
FNDA:3,AuthenticateUserServices
FNDA:3,(anonymous_20)
DA:2,1
DA:3,1
DA:4,1
DA:6,1
DA:19,1
DA:22,3
DA:24,3
DA:26,3
DA:27,3
DA:29,3
DA:30,1
DA:33,2
DA:38,2
DA:39,1
DA:41,1
DA:43,1
DA:48,1
DA:53,1
DA:55,1
LF:19
LH:19
BRDA:27,0,0,3
BRDA:29,1,0,1
BRDA:29,1,1,2
BRDA:38,2,0,1
BRDA:38,2,1,1
BRF:5
BRH:5
end_of_record
TN:
SF:src/modules/users/services/CreateUserServices.ts
FN:16,(anonymous_18)
FN:17,CreateUserServices
FN:23,(anonymous_20)
FNF:3
FNH:3
FNDA:2,(anonymous_18)
FNDA:4,CreateUserServices
FNDA:5,(anonymous_20)
DA:2,2
DA:7,2
DA:16,2
DA:19,4
DA:21,4
DA:23,5
DA:24,5
DA:26,5
DA:27,1
DA:30,4
DA:32,4
DA:38,4
DA:40,2
DA:42,2
LF:14
LH:14
BRDA:24,0,0,5
BRDA:26,1,0,1
BRDA:26,1,1,4
BRF:3
BRH:3
end_of_record
TN:
SF:src/modules/users/services/UpdateUserAvatarService.ts
FN:16,(anonymous_18)
FN:17,UpdateUserAvatarService
FN:23,(anonymous_20)
FNF:3
FNH:3
FNDA:1,(anonymous_18)
FNDA:2,UpdateUserAvatarService
FNDA:3,(anonymous_20)
DA:3,1
DA:7,1
DA:16,1
DA:19,2
DA:21,2
DA:23,3
DA:24,3
DA:26,3
DA:27,0
DA:33,6
DA:34,0
DA:36,3
DA:38,3
DA:40,6
DA:42,3
DA:44,1
DA:46,1
LF:17
LH:15
BRDA:24,0,0,3
BRDA:24,0,1,3
BRDA:26,1,0,0
BRDA:26,1,1,3
BRDA:33,2,0,3
BRDA:33,2,1,0
BRF:6
BRH:4
end_of_record
